nohup: ignoring input
cp: target 'Tracking/FairMOT/src/lib/../../exp/mot/IDD/logs_2024-04-19-18-24/' is not a directory
Using tensorboardX
Fix size testing.
training chunk_sizes: [20, 20]
The output will be saved to  /data/home/anujkumar1/DeepTraffic/Object Tracking/FairMOT/src/lib/../../exp/mot/IDD
Setting up data...
================================================================================
dataset summary
OrderedDict([('idd_train', 0), ('idd_test', 0)])
total # identities: 1
start index
OrderedDict([('idd_train', 0), ('idd_test', 0)])
================================================================================
heads {'hm': 1, 'wh': 4, 'id': 128, 'reg': 2}
Namespace(K=500, arch='dla_34', batch_size=40, cat_spec_wh=False, chunk_sizes=[20, 20], conf_thres=0.4, data_cfg='../src/lib/cfg/IDD.json', data_dir='/data/home/anujkumar1/DeepTraffic/Object Tracking/FairMOT/IDD', dataset='IDD', debug_dir='/data/home/anujkumar1/DeepTraffic/Object Tracking/FairMOT/src/lib/../../exp/mot/IDD/debug', dense_wh=False, det_thres=0.3, down_ratio=4, exp_dir='/data/home/anujkumar1/DeepTraffic/Object Tracking/FairMOT/src/lib/../../exp/mot', exp_id='IDD', fix_res=True, gpus=[1, 3], gpus_str='1,3', head_conv=256, heads={'hm': 1, 'wh': 4, 'id': 128, 'reg': 2}, hide_data_time=False, hm_weight=1, id_loss='ce', id_weight=1, img_size=(1088, 608), input_h=1088, input_res=1088, input_video='/data/home/anujkumar1/DeepTraffic/Fairmot/videos/iisc_bridge.mp4', input_w=608, keep_res=False, load_model='../models/coco_dla.pth', lr=0.0001, lr_step=[50], ltrb=True, master_batch_size=20, mean=None, metric='loss', min_box_area=100, mse_loss=False, multi_loss='uncertainty', nID=1, nms_thres=0.4, norm_wh=False, not_cuda_benchmark=False, not_prefetch_test=False, not_reg_offset=False, num_classes=1, num_epochs=100, num_iters=-1, num_stacks=1, num_workers=8, off_weight=1, output_format='video', output_h=272, output_res=272, output_root='/data/home/anujkumar1/DeepTraffic/Fairmot/demos/', output_w=152, pad=31, print_iter=0, reg_loss='l1', reg_offset=True, reid_dim=128, resume=False, root_dir='/data/home/anujkumar1/DeepTraffic/Object Tracking/FairMOT/src/lib/../..', save_all=False, save_dir='/data/home/anujkumar1/DeepTraffic/Object Tracking/FairMOT/src/lib/../../exp/mot/IDD', seed=317, std=None, task='mot', test=False, test_gram=False, track_buffer=30, trainval=False, val_intervals=5, vis_thresh=0.5, wh_weight=0.1)
Creating model...
Starting training...
loaded ../models/coco_dla.pth, epoch 230
Skip loading parameter hm.2.weight, required shapetorch.Size([1, 256, 1, 1]), loaded shapetorch.Size([80, 256, 1, 1]). If you see this, your model does not fully load the pre-trained weight. Please make sure you have correctly specified --arch xxx or set the correct --num_classes for your own dataset.
Skip loading parameter hm.2.bias, required shapetorch.Size([1]), loaded shapetorch.Size([80]). If you see this, your model does not fully load the pre-trained weight. Please make sure you have correctly specified --arch xxx or set the correct --num_classes for your own dataset.
Skip loading parameter wh.2.weight, required shapetorch.Size([4, 256, 1, 1]), loaded shapetorch.Size([2, 256, 1, 1]). If you see this, your model does not fully load the pre-trained weight. Please make sure you have correctly specified --arch xxx or set the correct --num_classes for your own dataset.
Skip loading parameter wh.2.bias, required shapetorch.Size([4]), loaded shapetorch.Size([2]). If you see this, your model does not fully load the pre-trained weight. Please make sure you have correctly specified --arch xxx or set the correct --num_classes for your own dataset.
No param id.0.weight.If you see this, your model does not fully load the pre-trained weight. Please make sure you have correctly specified --arch xxx or set the correct --num_classes for your own dataset.
No param id.0.bias.If you see this, your model does not fully load the pre-trained weight. Please make sure you have correctly specified --arch xxx or set the correct --num_classes for your own dataset.
No param id.2.weight.If you see this, your model does not fully load the pre-trained weight. Please make sure you have correctly specified --arch xxx or set the correct --num_classes for your own dataset.
No param id.2.bias.If you see this, your model does not fully load the pre-trained weight. Please make sure you have correctly specified --arch xxx or set the correct --num_classes for your own dataset.
/data/home/anujkumar1/anaconda3/envs/fairmot/lib/python3.8/site-packages/torch/nn/_reduction.py:44: UserWarning: size_average and reduce args will be deprecated, please use reduction='sum' instead.
  warnings.warn(warning.format(ret))
/data/home/anujkumar1/anaconda3/envs/fairmot/lib/python3.8/site-packages/torch/nn/parallel/_functions.py:64: UserWarning: Was asked to gather along dimension 0, but all input tensors were scalars; will instead unsqueeze and return a vector.
  warnings.warn('Was asked to gather along dimension 0, but all '
Traceback (most recent call last):
  File "/data/home/anujkumar1/anaconda3/envs/fairmot/lib/python3.8/site-packages/torch/serialization.py", line 373, in save
    return
  File "/data/home/anujkumar1/anaconda3/envs/fairmot/lib/python3.8/site-packages/torch/serialization.py", line 260, in __exit__
    self.buffer.flush()
OSError: [Errno 28] No space left on device

During handling of the above exception, another exception occurred:

Traceback (most recent call last):
  File "train.py", line 100, in <module>
    main(opt)
  File "train.py", line 79, in main
    save_model(os.path.join(opt.save_dir, 'model_last.pth'),
  File "/data/home/anujkumar1/DeepTraffic/Object Tracking/FairMOT/src/lib/models/model.py", line 99, in save_model
    torch.save(data, path)
  File "/data/home/anujkumar1/anaconda3/envs/fairmot/lib/python3.8/site-packages/torch/serialization.py", line 374, in save
    _legacy_save(obj, opened_file, pickle_module, pickle_protocol)
  File "/data/home/anujkumar1/anaconda3/envs/fairmot/lib/python3.8/site-packages/torch/serialization.py", line 214, in __exit__
    self.file_like.close()
OSError: [Errno 28] No space left on device
